<?xml version="1.0" encoding="UTF-8"?>
<!-- Generated by org.testng.reporters.JUnitReportReporter -->
<testsuite hostname="aeltsova-vm1" name="com.example.tests.CreateContactTest" tests="1" failures="0" timestamp="19 Dec 2013 11:59:02 GMT" time="6.350" errors="0">
  <testcase name="testContact" time="6.350" classname="com.example.tests.CreateContactTest"/>
</testsuite> <!-- com.example.tests.CreateContactTest -->
