<?xml version="1.0" encoding="UTF-8"?>
<!-- Generated by org.testng.reporters.JUnitReportReporter -->
<testsuite hostname="aeltsova-vm1" name="com.example.tests.CreateGroupTest2" tests="1" failures="0" timestamp="19 Dec 2013 11:08:26 GMT" time="3.394" errors="0">
  <testcase name="testNonEmpty" time="3.394" classname="com.example.tests.CreateGroupTest2"/>
</testsuite> <!-- com.example.tests.CreateGroupTest2 -->
