<?xml version="1.0" encoding="UTF-8"?>
<!-- Generated by org.testng.reporters.JUnitReportReporter -->
<testsuite hostname="aeltsova-vm1" name="com.example.tests.CreateGroupTest" tests="1" failures="0" timestamp="19 Dec 2013 11:59:02 GMT" time="3.214" errors="0">
  <testcase name="testEmpty" time="3.214" classname="com.example.tests.CreateGroupTest"/>
</testsuite> <!-- com.example.tests.CreateGroupTest -->
