<?xml version="1.0" encoding="UTF-8"?>
<!-- Generated by org.testng.reporters.JUnitReportReporter -->
<testsuite hostname="aeltsova-vm1" name="com.example.tests.CreateContactTestEmpty" tests="1" failures="0" timestamp="19 Dec 2013 11:59:03 GMT" time="3.034" errors="0">
  <testcase name="testContact" time="3.034" classname="com.example.tests.CreateContactTestEmpty"/>
</testsuite> <!-- com.example.tests.CreateContactTestEmpty -->
